<?xml version="1.0" encoding="UTF-8"?>
<testsuite xmlns:xsi="http://www.w3.org/2001/XMLSchema-instance" xsi:noNamespaceSchemaLocation="https://maven.apache.org/surefire/maven-surefire-plugin/xsd/surefire-test-report-3.0.xsd" version="3.0" name="ru.spbstu.telematics.java.FIFOCacheTest" time="0.064" tests="14" errors="0" skipped="0" failures="0">
  <properties>
    <property name="java.specification.version" value="23"/>
    <property name="sun.cpu.isalist" value="amd64"/>
    <property name="sun.jnu.encoding" value="Cp1251"/>
    <property name="java.class.path" value="C:\Users\LOBAN\Desktop\Jlabs\Jlab2\target\test-classes;C:\Users\LOBAN\Desktop\Jlabs\Jlab2\target\classes;C:\Users\LOBAN\.m2\repository\junit\junit\4.12\junit-4.12.jar;C:\Users\LOBAN\.m2\repository\org\hamcrest\hamcrest-core\1.3\hamcrest-core-1.3.jar;C:\Users\LOBAN\.m2\repository\commons-io\commons-io\2.5\commons-io-2.5.jar;C:\Users\LOBAN\.m2\repository\org\apache\commons\commons-math3\3.6\commons-math3-3.6.jar;C:\Users\LOBAN\.m2\repository\org\junit\jupiter\junit-jupiter\5.11.3\junit-jupiter-5.11.3.jar;C:\Users\LOBAN\.m2\repository\org\junit\jupiter\junit-jupiter-api\5.11.3\junit-jupiter-api-5.11.3.jar;C:\Users\LOBAN\.m2\repository\org\opentest4j\opentest4j\1.3.0\opentest4j-1.3.0.jar;C:\Users\LOBAN\.m2\repository\org\junit\platform\junit-platform-commons\1.11.3\junit-platform-commons-1.11.3.jar;C:\Users\LOBAN\.m2\repository\org\apiguardian\apiguardian-api\1.1.2\apiguardian-api-1.1.2.jar;C:\Users\LOBAN\.m2\repository\org\junit\jupiter\junit-jupiter-params\5.11.3\junit-jupiter-params-5.11.3.jar;C:\Users\LOBAN\.m2\repository\org\junit\jupiter\junit-jupiter-engine\5.11.3\junit-jupiter-engine-5.11.3.jar;C:\Users\LOBAN\.m2\repository\org\junit\platform\junit-platform-engine\1.11.3\junit-platform-engine-1.11.3.jar;"/>
    <property name="java.vm.vendor" value="Oracle Corporation"/>
    <property name="sun.arch.data.model" value="64"/>
    <property name="user.variant" value=""/>
    <property name="java.vendor.url" value="https://java.oracle.com/"/>
    <property name="user.timezone" value="Europe/Moscow"/>
    <property name="os.name" value="Windows 10"/>
    <property name="java.vm.specification.version" value="23"/>
    <property name="sun.java.launcher" value="SUN_STANDARD"/>
    <property name="user.country" value="RU"/>
    <property name="sun.boot.library.path" value="C:\Program Files\Java\jdk-23\bin"/>
    <property name="sun.java.command" value="C:\Users\LOBAN\AppData\Local\Temp\surefire5840000543656673986\surefirebooter-20241216033957616_3.jar C:\Users\LOBAN\AppData\Local\Temp\surefire5840000543656673986 2024-12-16T03-39-56_431-jvmRun1 surefire-20241216033957616_1tmp surefire_0-20241216033957616_2tmp"/>
    <property name="jdk.debug" value="release"/>
    <property name="surefire.test.class.path" value="C:\Users\LOBAN\Desktop\Jlabs\Jlab2\target\test-classes;C:\Users\LOBAN\Desktop\Jlabs\Jlab2\target\classes;C:\Users\LOBAN\.m2\repository\junit\junit\4.12\junit-4.12.jar;C:\Users\LOBAN\.m2\repository\org\hamcrest\hamcrest-core\1.3\hamcrest-core-1.3.jar;C:\Users\LOBAN\.m2\repository\commons-io\commons-io\2.5\commons-io-2.5.jar;C:\Users\LOBAN\.m2\repository\org\apache\commons\commons-math3\3.6\commons-math3-3.6.jar;C:\Users\LOBAN\.m2\repository\org\junit\jupiter\junit-jupiter\5.11.3\junit-jupiter-5.11.3.jar;C:\Users\LOBAN\.m2\repository\org\junit\jupiter\junit-jupiter-api\5.11.3\junit-jupiter-api-5.11.3.jar;C:\Users\LOBAN\.m2\repository\org\opentest4j\opentest4j\1.3.0\opentest4j-1.3.0.jar;C:\Users\LOBAN\.m2\repository\org\junit\platform\junit-platform-commons\1.11.3\junit-platform-commons-1.11.3.jar;C:\Users\LOBAN\.m2\repository\org\apiguardian\apiguardian-api\1.1.2\apiguardian-api-1.1.2.jar;C:\Users\LOBAN\.m2\repository\org\junit\jupiter\junit-jupiter-params\5.11.3\junit-jupiter-params-5.11.3.jar;C:\Users\LOBAN\.m2\repository\org\junit\jupiter\junit-jupiter-engine\5.11.3\junit-jupiter-engine-5.11.3.jar;C:\Users\LOBAN\.m2\repository\org\junit\platform\junit-platform-engine\1.11.3\junit-platform-engine-1.11.3.jar;"/>
    <property name="sun.cpu.endian" value="little"/>
    <property name="user.home" value="C:\Users\LOBAN"/>
    <property name="user.language" value="ru"/>
    <property name="java.specification.vendor" value="Oracle Corporation"/>
    <property name="java.version.date" value="2024-10-15"/>
    <property name="java.home" value="C:\Program Files\Java\jdk-23"/>
    <property name="file.separator" value="\"/>
    <property name="basedir" value="C:\Users\LOBAN\Desktop\Jlabs\Jlab2"/>
    <property name="java.vm.compressedOopsMode" value="32-bit"/>
    <property name="line.separator" value="&#10;"/>
    <property name="java.vm.specification.vendor" value="Oracle Corporation"/>
    <property name="java.specification.name" value="Java Platform API Specification"/>
    <property name="surefire.real.class.path" value="C:\Users\LOBAN\AppData\Local\Temp\surefire5840000543656673986\surefirebooter-20241216033957616_3.jar"/>
    <property name="user.script" value=""/>
    <property name="sun.management.compiler" value="HotSpot 64-Bit Tiered Compilers"/>
    <property name="java.runtime.version" value="23.0.1+11-39"/>
    <property name="user.name" value="LOBAN"/>
    <property name="stdout.encoding" value="Cp1251"/>
    <property name="path.separator" value=";"/>
    <property name="os.version" value="10.0"/>
    <property name="java.runtime.name" value="Java(TM) SE Runtime Environment"/>
    <property name="file.encoding" value="UTF-8"/>
    <property name="java.vm.name" value="Java HotSpot(TM) 64-Bit Server VM"/>
    <property name="localRepository" value="C:\Users\LOBAN\.m2\repository"/>
    <property name="java.vendor.url.bug" value="https://bugreport.java.com/bugreport/"/>
    <property name="java.io.tmpdir" value="C:\Users\LOBAN\AppData\Local\Temp\"/>
    <property name="java.version" value="23.0.1"/>
    <property name="user.dir" value="C:\Users\LOBAN\Desktop\Jlabs\Jlab2"/>
    <property name="os.arch" value="amd64"/>
    <property name="java.vm.specification.name" value="Java Virtual Machine Specification"/>
    <property name="sun.os.patch.level" value=""/>
    <property name="native.encoding" value="Cp1251"/>
    <property name="java.library.path" value="C:\Program Files\Java\jdk-23\bin;C:\Windows\Sun\Java\bin;C:\Windows\system32;C:\Windows;C:\Program Files\Common Files\Oracle\Java\javapath;C:\Program Files (x86)\Common Files\Oracle\Java\java8path;C:\Program Files (x86)\Common Files\Oracle\Java\javapath;C:\Program Files (x86)\NVIDIA Corporation\PhysX\Common;C:\ProgramData\watcom-1.3\binnt;C:\ProgramData\watcom-1.3\binw;C:\Windows\system32;C:\Windows;C:\Windows\System32\Wbem;C:\Windows\System32\WindowsPowerShell\v1.0\;C:\Windows\System32\OpenSSH\;C:\Program Files (x86)\dotnet\;C:\Program Files (x86)\Visual Leak Detector\bin\Win32;C:\Program Files (x86)\Visual Leak Detector\bin\Win64;C:\Program Files\Git\cmd;C:\Users\LOBAN\Downloads\apache-maven-3.9.9\bin;C:\Program Files\MySQL\MySQL Shell 8.0\bin\;C:\Users\LOBAN\AppData\Local\Programs\Python\Python312\Scripts\;C:\Users\LOBAN\AppData\Local\Programs\Python\Python312\;C:\Users\LOBAN\AppData\Local\Programs\Python\Launcher\;C:\Users\LOBAN\AppData\Local\Microsoft\WindowsApps;C:\Users\LOBAN\AppData\Local\Programs\MiKTeX\miktex\bin\x64\;C:\ghcup\bin;C:\Users\LOBAN\AppData\Local\Programs\Microsoft VS Code\bin;C:\Program Files\JetBrains\IntelliJ IDEA Community Edition 2024.3\bin;;C:\Users\LOBAN\AppData\Local\Coursier\data\bin;."/>
    <property name="java.vm.info" value="mixed mode, sharing"/>
    <property name="stderr.encoding" value="Cp1251"/>
    <property name="java.vendor" value="Oracle Corporation"/>
    <property name="java.vm.version" value="23.0.1+11-39"/>
    <property name="sun.io.unicode.encoding" value="UnicodeLittle"/>
    <property name="java.class.version" value="67.0"/>
  </properties>
  <testcase name="testElement" classname="ru.spbstu.telematics.java.FIFOCacheTest" time="0.023"/>
  <testcase name="testRemoveThrowsException" classname="ru.spbstu.telematics.java.FIFOCacheTest" time="0.001"/>
  <testcase name="testSizeAndIsEmpty" classname="ru.spbstu.telematics.java.FIFOCacheTest" time="0.003"/>
  <testcase name="testToArray" classname="ru.spbstu.telematics.java.FIFOCacheTest" time="0.002"/>
  <testcase name="testClear" classname="ru.spbstu.telematics.java.FIFOCacheTest" time="0.001"/>
  <testcase name="testRetainAll" classname="ru.spbstu.telematics.java.FIFOCacheTest" time="0.001"/>
  <testcase name="testContains" classname="ru.spbstu.telematics.java.FIFOCacheTest" time="0.001"/>
  <testcase name="testAddAndPoll" classname="ru.spbstu.telematics.java.FIFOCacheTest" time="0.001"/>
  <testcase name="testOfferAndPeek" classname="ru.spbstu.telematics.java.FIFOCacheTest" time="0.001"/>
  <testcase name="testAddAll" classname="ru.spbstu.telematics.java.FIFOCacheTest" time="0.001"/>
  <testcase name="testElementThrowsException" classname="ru.spbstu.telematics.java.FIFOCacheTest" time="0.001"/>
  <testcase name="testToArrayWithType" classname="ru.spbstu.telematics.java.FIFOCacheTest" time="0.001"/>
  <testcase name="testRemove" classname="ru.spbstu.telematics.java.FIFOCacheTest" time="0.001"/>
  <testcase name="testRemoveAll" classname="ru.spbstu.telematics.java.FIFOCacheTest" time="0.001"/>
</testsuite>